# JRE version: OpenJDK Runtime Environment (23.0.1+11) (build 23.0.1+11-39)
# Java VM: OpenJDK 64-Bit Server VM (23.0.1+11-39, mixed mode, emulated-client, sharing, tiered, compressed oops, compressed class ptrs, g1 gc, windows-amd64)
GC Precious Log:
 CardTable entry size: 512
 Card Set container configuration: InlinePtr #cards 4 size 8 Array Of Cards #cards 32 size 80 Howl #buckets 8 coarsen threshold 7372 Howl Bitmap #cards 1024 size 144 coarsen threshold 921 Card regions per heap region 1 cards per card region 8192
 CPUs: 20 total, 20 available
 Memory: 24299M
 Large Page Support: Disabled
 NUMA Support: Disabled
 Compressed Oops: Enabled (Zero based)
 Heap Region Size: 4M
 Heap Min Capacity: 8M
 Heap Initial Capacity: 380M
 Heap Max Capacity: 6076M
 Pre-touch: Disabled
 Parallel Workers: 15
 Concurrent Workers: 4
 Concurrent Refinement Workers: 15
 Periodic GC: Disabled
Heap:
 garbage-first heap   total reserved 6221824K, committed 151552K, used 89322K [0x0000000684400000, 0x0000000800000000)
  region size 4096K, 2 young (8192K), 1 survivors (4096K)
 Metaspace       used 87346K, committed 88832K, reserved 1179648K
  class space    used 12092K, committed 12736K, reserved 1048576K
GC Heap History (20 events):
Event: 5.556 GC heap before
{Heap before GC invocations=21 (full 0):
 garbage-first heap   total reserved 6221824K, committed 147456K, used 127129K [0x0000000684400000, 0x0000000800000000)
  region size 4096K, 21 young (86016K), 1 survivors (4096K)
 Metaspace       used 53766K, committed 54400K, reserved 1114112K
  class space    used 7426K, committed 7680K, reserved 1048576K
}
Event: 5.558 GC heap after
{Heap after GC invocations=22 (full 0):
 garbage-first heap   total reserved 6221824K, committed 147456K, used 45462K [0x0000000684400000, 0x0000000800000000)
  region size 4096K, 1 young (4096K), 1 survivors (4096K)
 Metaspace       used 53766K, committed 54400K, reserved 1114112K
  class space    used 7426K, committed 7680K, reserved 1048576K
}
Event: 5.764 GC heap before
{Heap before GC invocations=22 (full 0):
 garbage-first heap   total reserved 6221824K, committed 147456K, used 123286K [0x0000000684400000, 0x0000000800000000)
  region size 4096K, 20 young (81920K), 1 survivors (4096K)
 Metaspace       used 56466K, committed 57280K, reserved 1114112K
  class space    used 7755K, committed 8128K, reserved 1048576K
}
Event: 5.765 GC heap after
{Heap after GC invocations=23 (full 0):
 garbage-first heap   total reserved 6221824K, committed 147456K, used 48420K [0x0000000684400000, 0x0000000800000000)
  region size 4096K, 2 young (8192K), 2 survivors (8192K)
 Metaspace       used 56466K, committed 57280K, reserved 1114112K
  class space    used 7755K, committed 8128K, reserved 1048576K
}
Event: 6.037 GC heap before
{Heap before GC invocations=23 (full 0):
 garbage-first heap   total reserved 6221824K, committed 147456K, used 77092K [0x0000000684400000, 0x0000000800000000)
  region size 4096K, 10 young (40960K), 2 survivors (8192K)
 Metaspace       used 59633K, committed 60608K, reserved 1114112K
  class space    used 8211K, committed 8704K, reserved 1048576K
}
Event: 6.039 GC heap after
{Heap after GC invocations=24 (full 0):
 garbage-first heap   total reserved 6221824K, committed 147456K, used 50023K [0x0000000684400000, 0x0000000800000000)
  region size 4096K, 2 young (8192K), 2 survivors (8192K)
 Metaspace       used 59633K, committed 60608K, reserved 1114112K
  class space    used 8211K, committed 8704K, reserved 1048576K
}
Event: 6.882 GC heap before
{Heap before GC invocations=25 (full 0):
 garbage-first heap   total reserved 6221824K, committed 147456K, used 123751K [0x0000000684400000, 0x0000000800000000)
  region size 4096K, 20 young (81920K), 2 survivors (8192K)
 Metaspace       used 67974K, committed 69056K, reserved 1114112K
  class space    used 9329K, committed 9856K, reserved 1048576K
}
Event: 6.887 GC heap after
{Heap after GC invocations=26 (full 0):
 garbage-first heap   total reserved 6221824K, committed 147456K, used 58981K [0x0000000684400000, 0x0000000800000000)
  region size 4096K, 3 young (12288K), 3 survivors (12288K)
 Metaspace       used 67974K, committed 69056K, reserved 1114112K
  class space    used 9329K, committed 9856K, reserved 1048576K
}
Event: 9.132 GC heap before
{Heap before GC invocations=26 (full 0):
 garbage-first heap   total reserved 6221824K, committed 147456K, used 120421K [0x0000000684400000, 0x0000000800000000)
  region size 4096K, 18 young (73728K), 3 survivors (12288K)
 Metaspace       used 76710K, committed 77824K, reserved 1179648K
  class space    used 10652K, committed 11136K, reserved 1048576K
}
Event: 9.138 GC heap after
{Heap after GC invocations=27 (full 0):
 garbage-first heap   total reserved 6221824K, committed 147456K, used 63942K [0x0000000684400000, 0x0000000800000000)
  region size 4096K, 2 young (8192K), 2 survivors (8192K)
 Metaspace       used 76710K, committed 77824K, reserved 1179648K
  class space    used 10652K, committed 11136K, reserved 1048576K
}
Event: 52.288 GC heap before
{Heap before GC invocations=27 (full 0):
 garbage-first heap   total reserved 6221824K, committed 147456K, used 117190K [0x0000000684400000, 0x0000000800000000)
  region size 4096K, 16 young (65536K), 2 survivors (8192K)
 Metaspace       used 85516K, committed 86720K, reserved 1179648K
  class space    used 11763K, committed 12288K, reserved 1048576K
}
Event: 52.297 GC heap after
{Heap after GC invocations=28 (full 0):
 garbage-first heap   total reserved 6221824K, committed 147456K, used 69228K [0x0000000684400000, 0x0000000800000000)
  region size 4096K, 2 young (8192K), 2 survivors (8192K)
 Metaspace       used 85516K, committed 86720K, reserved 1179648K
  class space    used 11763K, committed 12288K, reserved 1048576K
}
Event: 54.219 GC heap before
{Heap before GC invocations=28 (full 0):
 garbage-first heap   total reserved 6221824K, committed 147456K, used 89708K [0x0000000684400000, 0x0000000800000000)
  region size 4096K, 6 young (24576K), 2 survivors (8192K)
 Metaspace       used 86964K, committed 88192K, reserved 1179648K
  class space    used 12003K, committed 12544K, reserved 1048576K
}
Event: 54.228 GC heap after
{Heap after GC invocations=29 (full 0):
 garbage-first heap   total reserved 6221824K, committed 147456K, used 80183K [0x0000000684400000, 0x0000000800000000)
  region size 4096K, 1 young (4096K), 1 survivors (4096K)
 Metaspace       used 86964K, committed 88192K, reserved 1179648K
  class space    used 12003K, committed 12544K, reserved 1048576K
}
Event: 59.318 GC heap before
{Heap before GC invocations=30 (full 0):
 garbage-first heap   total reserved 6221824K, committed 151552K, used 137527K [0x0000000684400000, 0x0000000800000000)
  region size 4096K, 13 young (53248K), 1 survivors (4096K)
 Metaspace       used 87385K, committed 88704K, reserved 1179648K
  class space    used 12108K, committed 12672K, reserved 1048576K
}
Event: 59.322 GC heap after
{Heap after GC invocations=31 (full 0):
 garbage-first heap   total reserved 6221824K, committed 151552K, used 90244K [0x0000000684400000, 0x0000000800000000)
  region size 4096K, 2 young (8192K), 2 survivors (8192K)
 Metaspace       used 87385K, committed 88704K, reserved 1179648K
  class space    used 12108K, committed 12672K, reserved 1048576K
}
Event: 64.348 GC heap before
{Heap before GC invocations=31 (full 0):
 garbage-first heap   total reserved 6221824K, committed 151552K, used 127108K [0x0000000684400000, 0x0000000800000000)
  region size 4096K, 11 young (45056K), 2 survivors (8192K)
 Metaspace       used 87520K, committed 88832K, reserved 1179648K
  class space    used 12140K, committed 12736K, reserved 1048576K
}
Event: 65.246 GC heap after
{Heap after GC invocations=32 (full 0):
 garbage-first heap   total reserved 6221824K, committed 151552K, used 88779K [0x0000000684400000, 0x0000000800000000)
  region size 4096K, 2 young (8192K), 2 survivors (8192K)
 Metaspace       used 87520K, committed 88832K, reserved 1179648K
  class space    used 12140K, committed 12736K, reserved 1048576K
}
Event: 65.279 GC heap before
{Heap before GC invocations=32 (full 0):
 garbage-first heap   total reserved 6221824K, committed 151552K, used 92875K [0x0000000684400000, 0x0000000800000000)
  region size 4096K, 3 young (12288K), 2 survivors (8192K)
 Metaspace       used 87520K, committed 88832K, reserved 1179648K
  class space    used 12140K, committed 12736K, reserved 1048576K
}
Event: 65.284 GC heap after
{Heap after GC invocations=33 (full 0):
 garbage-first heap   total reserved 6221824K, committed 151552K, used 89322K [0x0000000684400000, 0x0000000800000000)
  region size 4096K, 1 young (4096K), 1 survivors (4096K)
 Metaspace       used 87520K, committed 88832K, reserved 1179648K
  class space    used 12140K, committed 12736K, reserved 1048576K
}

